<?xml version="1.0" encoding="UTF-8"?>
<testsuite xmlns:xsi="http://www.w3.org/2001/XMLSchema-instance" xsi:noNamespaceSchemaLocation="https://maven.apache.org/surefire/maven-surefire-plugin/xsd/surefire-test-report.xsd" name="rs.miromaric.plutus.wallet.controller.WalletControllerTest" time="5.813" tests="6" errors="0" skipped="0" failures="0">
  <properties>
    <property name="java.specification.version" value="18"/>
    <property name="sun.jnu.encoding" value="UTF-8"/>
    <property name="java.class.path" value="/home/miro/Private/fon/reactive-programming-in-java/plutus/plutus-wallet/target/test-classes:/home/miro/Private/fon/reactive-programming-in-java/plutus/plutus-wallet/target/classes:/home/miro/Private/fon/reactive-programming-in-java/plutus/libcommon/target/libcommon-1.0-SNAPSHOT.jar:/home/miro/Private/fon/reactive-programming-in-java/plutus/libuser/target/libuser-1.0-SNAPSHOT.jar:/home/miro/Private/fon/reactive-programming-in-java/plutus/libwallet/target/libwallet-1.0-SNAPSHOT.jar:/home/miro/Private/fon/reactive-programming-in-java/plutus/plutus-common/target/plutus-common-1.0-SNAPSHOT.jar:/home/miro/.m2/repository/org/springframework/data/spring-data-commons/2.7.0/spring-data-commons-2.7.0.jar:/home/miro/.m2/repository/org/springframework/spring-beans/5.3.20/spring-beans-5.3.20.jar:/home/miro/.m2/repository/org/slf4j/slf4j-api/1.7.36/slf4j-api-1.7.36.jar:/home/miro/.m2/repository/org/springframework/data/spring-data-jpa/2.7.0/spring-data-jpa-2.7.0.jar:/home/miro/.m2/repository/org/springframework/spring-orm/5.3.20/spring-orm-5.3.20.jar:/home/miro/.m2/repository/org/springframework/spring-context/5.3.20/spring-context-5.3.20.jar:/home/miro/.m2/repository/org/springframework/spring-aop/5.3.20/spring-aop-5.3.20.jar:/home/miro/.m2/repository/org/springframework/spring-tx/5.3.20/spring-tx-5.3.20.jar:/home/miro/.m2/repository/jakarta/persistence/jakarta.persistence-api/2.2.3/jakarta.persistence-api-2.2.3.jar:/home/miro/.m2/repository/org/springframework/boot/spring-boot-starter-data-jpa/2.7.0/spring-boot-starter-data-jpa-2.7.0.jar:/home/miro/.m2/repository/org/springframework/boot/spring-boot-starter-aop/2.7.0/spring-boot-starter-aop-2.7.0.jar:/home/miro/.m2/repository/org/aspectj/aspectjweaver/1.9.7/aspectjweaver-1.9.7.jar:/home/miro/.m2/repository/org/springframework/boot/spring-boot-starter-jdbc/2.7.0/spring-boot-starter-jdbc-2.7.0.jar:/home/miro/.m2/repository/com/zaxxer/HikariCP/4.0.3/HikariCP-4.0.3.jar:/home/miro/.m2/repository/org/springframework/spring-jdbc/5.3.20/spring-jdbc-5.3.20.jar:/home/miro/.m2/repository/jakarta/transaction/jakarta.transaction-api/1.3.3/jakarta.transaction-api-1.3.3.jar:/home/miro/.m2/repository/org/hibernate/hibernate-core/5.6.9.Final/hibernate-core-5.6.9.Final.jar:/home/miro/.m2/repository/org/jboss/logging/jboss-logging/3.4.3.Final/jboss-logging-3.4.3.Final.jar:/home/miro/.m2/repository/net/bytebuddy/byte-buddy/1.12.10/byte-buddy-1.12.10.jar:/home/miro/.m2/repository/antlr/antlr/2.7.7/antlr-2.7.7.jar:/home/miro/.m2/repository/org/jboss/jandex/2.4.2.Final/jandex-2.4.2.Final.jar:/home/miro/.m2/repository/com/fasterxml/classmate/1.5.1/classmate-1.5.1.jar:/home/miro/.m2/repository/org/hibernate/common/hibernate-commons-annotations/5.1.2.Final/hibernate-commons-annotations-5.1.2.Final.jar:/home/miro/.m2/repository/org/glassfish/jaxb/jaxb-runtime/2.3.6/jaxb-runtime-2.3.6.jar:/home/miro/.m2/repository/org/glassfish/jaxb/txw2/2.3.6/txw2-2.3.6.jar:/home/miro/.m2/repository/com/sun/istack/istack-commons-runtime/3.0.12/istack-commons-runtime-3.0.12.jar:/home/miro/.m2/repository/com/sun/activation/jakarta.activation/1.2.2/jakarta.activation-1.2.2.jar:/home/miro/.m2/repository/org/springframework/spring-aspects/5.3.20/spring-aspects-5.3.20.jar:/home/miro/.m2/repository/org/springframework/boot/spring-boot-starter-web/2.7.0/spring-boot-starter-web-2.7.0.jar:/home/miro/.m2/repository/org/springframework/boot/spring-boot-starter/2.7.0/spring-boot-starter-2.7.0.jar:/home/miro/.m2/repository/org/springframework/boot/spring-boot-starter-logging/2.7.0/spring-boot-starter-logging-2.7.0.jar:/home/miro/.m2/repository/ch/qos/logback/logback-classic/1.2.11/logback-classic-1.2.11.jar:/home/miro/.m2/repository/ch/qos/logback/logback-core/1.2.11/logback-core-1.2.11.jar:/home/miro/.m2/repository/org/apache/logging/log4j/log4j-to-slf4j/2.17.2/log4j-to-slf4j-2.17.2.jar:/home/miro/.m2/repository/org/apache/logging/log4j/log4j-api/2.17.2/log4j-api-2.17.2.jar:/home/miro/.m2/repository/org/slf4j/jul-to-slf4j/1.7.36/jul-to-slf4j-1.7.36.jar:/home/miro/.m2/repository/jakarta/annotation/jakarta.annotation-api/1.3.5/jakarta.annotation-api-1.3.5.jar:/home/miro/.m2/repository/org/yaml/snakeyaml/1.30/snakeyaml-1.30.jar:/home/miro/.m2/repository/org/springframework/boot/spring-boot-starter-json/2.7.0/spring-boot-starter-json-2.7.0.jar:/home/miro/.m2/repository/com/fasterxml/jackson/datatype/jackson-datatype-jsr310/2.13.3/jackson-datatype-jsr310-2.13.3.jar:/home/miro/.m2/repository/com/fasterxml/jackson/module/jackson-module-parameter-names/2.13.3/jackson-module-parameter-names-2.13.3.jar:/home/miro/.m2/repository/org/springframework/boot/spring-boot-starter-tomcat/2.7.0/spring-boot-starter-tomcat-2.7.0.jar:/home/miro/.m2/repository/org/apache/tomcat/embed/tomcat-embed-core/9.0.63/tomcat-embed-core-9.0.63.jar:/home/miro/.m2/repository/org/apache/tomcat/embed/tomcat-embed-el/9.0.63/tomcat-embed-el-9.0.63.jar:/home/miro/.m2/repository/org/apache/tomcat/embed/tomcat-embed-websocket/9.0.63/tomcat-embed-websocket-9.0.63.jar:/home/miro/.m2/repository/org/springframework/spring-web/5.3.20/spring-web-5.3.20.jar:/home/miro/.m2/repository/org/springframework/spring-webmvc/5.3.20/spring-webmvc-5.3.20.jar:/home/miro/.m2/repository/org/springframework/spring-expression/5.3.20/spring-expression-5.3.20.jar:/home/miro/.m2/repository/org/springframework/cloud/spring-cloud-starter-openfeign/3.1.3/spring-cloud-starter-openfeign-3.1.3.jar:/home/miro/.m2/repository/org/springframework/cloud/spring-cloud-starter/3.1.3/spring-cloud-starter-3.1.3.jar:/home/miro/.m2/repository/org/springframework/cloud/spring-cloud-context/3.1.3/spring-cloud-context-3.1.3.jar:/home/miro/.m2/repository/org/springframework/security/spring-security-rsa/1.0.10.RELEASE/spring-security-rsa-1.0.10.RELEASE.jar:/home/miro/.m2/repository/org/bouncycastle/bcpkix-jdk15on/1.68/bcpkix-jdk15on-1.68.jar:/home/miro/.m2/repository/org/bouncycastle/bcprov-jdk15on/1.68/bcprov-jdk15on-1.68.jar:/home/miro/.m2/repository/org/springframework/cloud/spring-cloud-openfeign-core/3.1.3/spring-cloud-openfeign-core-3.1.3.jar:/home/miro/.m2/repository/io/github/openfeign/form/feign-form-spring/3.8.0/feign-form-spring-3.8.0.jar:/home/miro/.m2/repository/io/github/openfeign/form/feign-form/3.8.0/feign-form-3.8.0.jar:/home/miro/.m2/repository/commons-fileupload/commons-fileupload/1.4/commons-fileupload-1.4.jar:/home/miro/.m2/repository/commons-io/commons-io/2.2/commons-io-2.2.jar:/home/miro/.m2/repository/org/springframework/cloud/spring-cloud-commons/3.1.3/spring-cloud-commons-3.1.3.jar:/home/miro/.m2/repository/org/springframework/security/spring-security-crypto/5.7.1/spring-security-crypto-5.7.1.jar:/home/miro/.m2/repository/io/github/openfeign/feign-core/11.8/feign-core-11.8.jar:/home/miro/.m2/repository/io/github/openfeign/feign-slf4j/11.8/feign-slf4j-11.8.jar:/home/miro/.m2/repository/org/springframework/boot/spring-boot-starter-actuator/2.7.0/spring-boot-starter-actuator-2.7.0.jar:/home/miro/.m2/repository/org/springframework/boot/spring-boot-actuator-autoconfigure/2.7.0/spring-boot-actuator-autoconfigure-2.7.0.jar:/home/miro/.m2/repository/org/springframework/boot/spring-boot-actuator/2.7.0/spring-boot-actuator-2.7.0.jar:/home/miro/.m2/repository/io/micrometer/micrometer-core/1.9.0/micrometer-core-1.9.0.jar:/home/miro/.m2/repository/org/hdrhistogram/HdrHistogram/2.1.12/HdrHistogram-2.1.12.jar:/home/miro/.m2/repository/org/latencyutils/LatencyUtils/2.0.3/LatencyUtils-2.0.3.jar:/home/miro/.m2/repository/io/micrometer/micrometer-registry-prometheus/1.9.0/micrometer-registry-prometheus-1.9.0.jar:/home/miro/.m2/repository/io/prometheus/simpleclient_common/0.15.0/simpleclient_common-0.15.0.jar:/home/miro/.m2/repository/io/prometheus/simpleclient/0.15.0/simpleclient-0.15.0.jar:/home/miro/.m2/repository/io/prometheus/simpleclient_tracer_otel/0.15.0/simpleclient_tracer_otel-0.15.0.jar:/home/miro/.m2/repository/io/prometheus/simpleclient_tracer_common/0.15.0/simpleclient_tracer_common-0.15.0.jar:/home/miro/.m2/repository/io/prometheus/simpleclient_tracer_otel_agent/0.15.0/simpleclient_tracer_otel_agent-0.15.0.jar:/home/miro/.m2/repository/org/immutables/value/2.8.8/value-2.8.8.jar:/home/miro/.m2/repository/org/immutables/serial/2.8.8/serial-2.8.8.jar:/home/miro/.m2/repository/com/fasterxml/jackson/core/jackson-databind/2.13.3/jackson-databind-2.13.3.jar:/home/miro/.m2/repository/com/fasterxml/jackson/core/jackson-annotations/2.13.3/jackson-annotations-2.13.3.jar:/home/miro/.m2/repository/com/fasterxml/jackson/core/jackson-core/2.13.3/jackson-core-2.13.3.jar:/home/miro/.m2/repository/com/fasterxml/jackson/datatype/jackson-datatype-jdk8/2.13.3/jackson-datatype-jdk8-2.13.3.jar:/home/miro/.m2/repository/com/fasterxml/jackson/datatype/jackson-datatype-guava/2.13.3/jackson-datatype-guava-2.13.3.jar:/home/miro/.m2/repository/com/google/guava/guava/21.0/guava-21.0.jar:/home/miro/.m2/repository/org/postgresql/postgresql/42.3.5/postgresql-42.3.5.jar:/home/miro/.m2/repository/org/checkerframework/checker-qual/3.5.0/checker-qual-3.5.0.jar:/home/miro/.m2/repository/org/springframework/boot/spring-boot-devtools/2.7.0/spring-boot-devtools-2.7.0.jar:/home/miro/.m2/repository/org/springframework/boot/spring-boot/2.7.0/spring-boot-2.7.0.jar:/home/miro/.m2/repository/org/springframework/boot/spring-boot-autoconfigure/2.7.0/spring-boot-autoconfigure-2.7.0.jar:/home/miro/.m2/repository/org/projectlombok/lombok/1.18.24/lombok-1.18.24.jar:/home/miro/.m2/repository/org/springframework/boot/spring-boot-starter-test/2.7.0/spring-boot-starter-test-2.7.0.jar:/home/miro/.m2/repository/org/springframework/boot/spring-boot-test/2.7.0/spring-boot-test-2.7.0.jar:/home/miro/.m2/repository/org/springframework/boot/spring-boot-test-autoconfigure/2.7.0/spring-boot-test-autoconfigure-2.7.0.jar:/home/miro/.m2/repository/com/jayway/jsonpath/json-path/2.7.0/json-path-2.7.0.jar:/home/miro/.m2/repository/net/minidev/json-smart/2.4.8/json-smart-2.4.8.jar:/home/miro/.m2/repository/net/minidev/accessors-smart/2.4.8/accessors-smart-2.4.8.jar:/home/miro/.m2/repository/org/ow2/asm/asm/9.1/asm-9.1.jar:/home/miro/.m2/repository/jakarta/xml/bind/jakarta.xml.bind-api/2.3.3/jakarta.xml.bind-api-2.3.3.jar:/home/miro/.m2/repository/jakarta/activation/jakarta.activation-api/1.2.2/jakarta.activation-api-1.2.2.jar:/home/miro/.m2/repository/org/assertj/assertj-core/3.22.0/assertj-core-3.22.0.jar:/home/miro/.m2/repository/org/hamcrest/hamcrest/2.2/hamcrest-2.2.jar:/home/miro/.m2/repository/org/junit/jupiter/junit-jupiter/5.8.2/junit-jupiter-5.8.2.jar:/home/miro/.m2/repository/org/junit/jupiter/junit-jupiter-params/5.8.2/junit-jupiter-params-5.8.2.jar:/home/miro/.m2/repository/org/junit/jupiter/junit-jupiter-engine/5.8.2/junit-jupiter-engine-5.8.2.jar:/home/miro/.m2/repository/org/junit/platform/junit-platform-engine/1.8.2/junit-platform-engine-1.8.2.jar:/home/miro/.m2/repository/org/mockito/mockito-core/4.5.1/mockito-core-4.5.1.jar:/home/miro/.m2/repository/net/bytebuddy/byte-buddy-agent/1.12.10/byte-buddy-agent-1.12.10.jar:/home/miro/.m2/repository/org/objenesis/objenesis/3.2/objenesis-3.2.jar:/home/miro/.m2/repository/org/mockito/mockito-junit-jupiter/4.5.1/mockito-junit-jupiter-4.5.1.jar:/home/miro/.m2/repository/org/skyscreamer/jsonassert/1.5.0/jsonassert-1.5.0.jar:/home/miro/.m2/repository/com/vaadin/external/google/android-json/0.0.20131108.vaadin1/android-json-0.0.20131108.vaadin1.jar:/home/miro/.m2/repository/org/springframework/spring-core/5.3.20/spring-core-5.3.20.jar:/home/miro/.m2/repository/org/springframework/spring-jcl/5.3.20/spring-jcl-5.3.20.jar:/home/miro/.m2/repository/org/springframework/spring-test/5.3.20/spring-test-5.3.20.jar:/home/miro/.m2/repository/org/xmlunit/xmlunit-core/2.9.0/xmlunit-core-2.9.0.jar:/home/miro/.m2/repository/org/testcontainers/junit-jupiter/1.15.3/junit-jupiter-1.15.3.jar:/home/miro/.m2/repository/org/testcontainers/testcontainers/1.15.3/testcontainers-1.15.3.jar:/home/miro/.m2/repository/junit/junit/4.13.2/junit-4.13.2.jar:/home/miro/.m2/repository/org/hamcrest/hamcrest-core/2.2/hamcrest-core-2.2.jar:/home/miro/.m2/repository/org/apache/commons/commons-compress/1.20/commons-compress-1.20.jar:/home/miro/.m2/repository/org/rnorth/duct-tape/duct-tape/1.0.8/duct-tape-1.0.8.jar:/home/miro/.m2/repository/org/rnorth/visible-assertions/visible-assertions/2.1.2/visible-assertions-2.1.2.jar:/home/miro/.m2/repository/net/java/dev/jna/jna/5.2.0/jna-5.2.0.jar:/home/miro/.m2/repository/com/github/docker-java/docker-java-api/3.2.8/docker-java-api-3.2.8.jar:/home/miro/.m2/repository/com/github/docker-java/docker-java-transport-zerodep/3.2.8/docker-java-transport-zerodep-3.2.8.jar:/home/miro/.m2/repository/com/github/docker-java/docker-java-transport/3.2.8/docker-java-transport-3.2.8.jar:/home/miro/.m2/repository/org/junit/jupiter/junit-jupiter-api/5.8.2/junit-jupiter-api-5.8.2.jar:/home/miro/.m2/repository/org/opentest4j/opentest4j/1.2.0/opentest4j-1.2.0.jar:/home/miro/.m2/repository/org/junit/platform/junit-platform-commons/1.8.2/junit-platform-commons-1.8.2.jar:/home/miro/.m2/repository/org/apiguardian/apiguardian-api/1.1.2/apiguardian-api-1.1.2.jar:/home/miro/.m2/repository/org/testcontainers/postgresql/1.15.3/postgresql-1.15.3.jar:/home/miro/.m2/repository/org/testcontainers/jdbc/1.15.3/jdbc-1.15.3.jar:/home/miro/.m2/repository/org/testcontainers/database-commons/1.15.3/database-commons-1.15.3.jar:"/>
    <property name="java.vm.vendor" value="Oracle Corporation"/>
    <property name="sun.arch.data.model" value="64"/>
    <property name="java.vendor.url" value="https://java.oracle.com/"/>
    <property name="os.name" value="Linux"/>
    <property name="java.vm.specification.version" value="18"/>
    <property name="sun.java.launcher" value="SUN_STANDARD"/>
    <property name="user.country" value="GB"/>
    <property name="sun.boot.library.path" value="/home/miro/.sdkman/candidates/java/18.0.2-open/lib"/>
    <property name="sun.java.command" value="/home/miro/Private/fon/reactive-programming-in-java/plutus/plutus-wallet/target/surefire/surefirebooter3982539248536291946.jar /home/miro/Private/fon/reactive-programming-in-java/plutus/plutus-wallet/target/surefire 2022-09-03T22-10-13_979-jvmRun1 surefire13933937150661601443tmp surefire_12839126572831306272tmp"/>
    <property name="jdk.debug" value="release"/>
    <property name="surefire.test.class.path" value="/home/miro/Private/fon/reactive-programming-in-java/plutus/plutus-wallet/target/test-classes:/home/miro/Private/fon/reactive-programming-in-java/plutus/plutus-wallet/target/classes:/home/miro/Private/fon/reactive-programming-in-java/plutus/libcommon/target/libcommon-1.0-SNAPSHOT.jar:/home/miro/Private/fon/reactive-programming-in-java/plutus/libuser/target/libuser-1.0-SNAPSHOT.jar:/home/miro/Private/fon/reactive-programming-in-java/plutus/libwallet/target/libwallet-1.0-SNAPSHOT.jar:/home/miro/Private/fon/reactive-programming-in-java/plutus/plutus-common/target/plutus-common-1.0-SNAPSHOT.jar:/home/miro/.m2/repository/org/springframework/data/spring-data-commons/2.7.0/spring-data-commons-2.7.0.jar:/home/miro/.m2/repository/org/springframework/spring-beans/5.3.20/spring-beans-5.3.20.jar:/home/miro/.m2/repository/org/slf4j/slf4j-api/1.7.36/slf4j-api-1.7.36.jar:/home/miro/.m2/repository/org/springframework/data/spring-data-jpa/2.7.0/spring-data-jpa-2.7.0.jar:/home/miro/.m2/repository/org/springframework/spring-orm/5.3.20/spring-orm-5.3.20.jar:/home/miro/.m2/repository/org/springframework/spring-context/5.3.20/spring-context-5.3.20.jar:/home/miro/.m2/repository/org/springframework/spring-aop/5.3.20/spring-aop-5.3.20.jar:/home/miro/.m2/repository/org/springframework/spring-tx/5.3.20/spring-tx-5.3.20.jar:/home/miro/.m2/repository/jakarta/persistence/jakarta.persistence-api/2.2.3/jakarta.persistence-api-2.2.3.jar:/home/miro/.m2/repository/org/springframework/boot/spring-boot-starter-data-jpa/2.7.0/spring-boot-starter-data-jpa-2.7.0.jar:/home/miro/.m2/repository/org/springframework/boot/spring-boot-starter-aop/2.7.0/spring-boot-starter-aop-2.7.0.jar:/home/miro/.m2/repository/org/aspectj/aspectjweaver/1.9.7/aspectjweaver-1.9.7.jar:/home/miro/.m2/repository/org/springframework/boot/spring-boot-starter-jdbc/2.7.0/spring-boot-starter-jdbc-2.7.0.jar:/home/miro/.m2/repository/com/zaxxer/HikariCP/4.0.3/HikariCP-4.0.3.jar:/home/miro/.m2/repository/org/springframework/spring-jdbc/5.3.20/spring-jdbc-5.3.20.jar:/home/miro/.m2/repository/jakarta/transaction/jakarta.transaction-api/1.3.3/jakarta.transaction-api-1.3.3.jar:/home/miro/.m2/repository/org/hibernate/hibernate-core/5.6.9.Final/hibernate-core-5.6.9.Final.jar:/home/miro/.m2/repository/org/jboss/logging/jboss-logging/3.4.3.Final/jboss-logging-3.4.3.Final.jar:/home/miro/.m2/repository/net/bytebuddy/byte-buddy/1.12.10/byte-buddy-1.12.10.jar:/home/miro/.m2/repository/antlr/antlr/2.7.7/antlr-2.7.7.jar:/home/miro/.m2/repository/org/jboss/jandex/2.4.2.Final/jandex-2.4.2.Final.jar:/home/miro/.m2/repository/com/fasterxml/classmate/1.5.1/classmate-1.5.1.jar:/home/miro/.m2/repository/org/hibernate/common/hibernate-commons-annotations/5.1.2.Final/hibernate-commons-annotations-5.1.2.Final.jar:/home/miro/.m2/repository/org/glassfish/jaxb/jaxb-runtime/2.3.6/jaxb-runtime-2.3.6.jar:/home/miro/.m2/repository/org/glassfish/jaxb/txw2/2.3.6/txw2-2.3.6.jar:/home/miro/.m2/repository/com/sun/istack/istack-commons-runtime/3.0.12/istack-commons-runtime-3.0.12.jar:/home/miro/.m2/repository/com/sun/activation/jakarta.activation/1.2.2/jakarta.activation-1.2.2.jar:/home/miro/.m2/repository/org/springframework/spring-aspects/5.3.20/spring-aspects-5.3.20.jar:/home/miro/.m2/repository/org/springframework/boot/spring-boot-starter-web/2.7.0/spring-boot-starter-web-2.7.0.jar:/home/miro/.m2/repository/org/springframework/boot/spring-boot-starter/2.7.0/spring-boot-starter-2.7.0.jar:/home/miro/.m2/repository/org/springframework/boot/spring-boot-starter-logging/2.7.0/spring-boot-starter-logging-2.7.0.jar:/home/miro/.m2/repository/ch/qos/logback/logback-classic/1.2.11/logback-classic-1.2.11.jar:/home/miro/.m2/repository/ch/qos/logback/logback-core/1.2.11/logback-core-1.2.11.jar:/home/miro/.m2/repository/org/apache/logging/log4j/log4j-to-slf4j/2.17.2/log4j-to-slf4j-2.17.2.jar:/home/miro/.m2/repository/org/apache/logging/log4j/log4j-api/2.17.2/log4j-api-2.17.2.jar:/home/miro/.m2/repository/org/slf4j/jul-to-slf4j/1.7.36/jul-to-slf4j-1.7.36.jar:/home/miro/.m2/repository/jakarta/annotation/jakarta.annotation-api/1.3.5/jakarta.annotation-api-1.3.5.jar:/home/miro/.m2/repository/org/yaml/snakeyaml/1.30/snakeyaml-1.30.jar:/home/miro/.m2/repository/org/springframework/boot/spring-boot-starter-json/2.7.0/spring-boot-starter-json-2.7.0.jar:/home/miro/.m2/repository/com/fasterxml/jackson/datatype/jackson-datatype-jsr310/2.13.3/jackson-datatype-jsr310-2.13.3.jar:/home/miro/.m2/repository/com/fasterxml/jackson/module/jackson-module-parameter-names/2.13.3/jackson-module-parameter-names-2.13.3.jar:/home/miro/.m2/repository/org/springframework/boot/spring-boot-starter-tomcat/2.7.0/spring-boot-starter-tomcat-2.7.0.jar:/home/miro/.m2/repository/org/apache/tomcat/embed/tomcat-embed-core/9.0.63/tomcat-embed-core-9.0.63.jar:/home/miro/.m2/repository/org/apache/tomcat/embed/tomcat-embed-el/9.0.63/tomcat-embed-el-9.0.63.jar:/home/miro/.m2/repository/org/apache/tomcat/embed/tomcat-embed-websocket/9.0.63/tomcat-embed-websocket-9.0.63.jar:/home/miro/.m2/repository/org/springframework/spring-web/5.3.20/spring-web-5.3.20.jar:/home/miro/.m2/repository/org/springframework/spring-webmvc/5.3.20/spring-webmvc-5.3.20.jar:/home/miro/.m2/repository/org/springframework/spring-expression/5.3.20/spring-expression-5.3.20.jar:/home/miro/.m2/repository/org/springframework/cloud/spring-cloud-starter-openfeign/3.1.3/spring-cloud-starter-openfeign-3.1.3.jar:/home/miro/.m2/repository/org/springframework/cloud/spring-cloud-starter/3.1.3/spring-cloud-starter-3.1.3.jar:/home/miro/.m2/repository/org/springframework/cloud/spring-cloud-context/3.1.3/spring-cloud-context-3.1.3.jar:/home/miro/.m2/repository/org/springframework/security/spring-security-rsa/1.0.10.RELEASE/spring-security-rsa-1.0.10.RELEASE.jar:/home/miro/.m2/repository/org/bouncycastle/bcpkix-jdk15on/1.68/bcpkix-jdk15on-1.68.jar:/home/miro/.m2/repository/org/bouncycastle/bcprov-jdk15on/1.68/bcprov-jdk15on-1.68.jar:/home/miro/.m2/repository/org/springframework/cloud/spring-cloud-openfeign-core/3.1.3/spring-cloud-openfeign-core-3.1.3.jar:/home/miro/.m2/repository/io/github/openfeign/form/feign-form-spring/3.8.0/feign-form-spring-3.8.0.jar:/home/miro/.m2/repository/io/github/openfeign/form/feign-form/3.8.0/feign-form-3.8.0.jar:/home/miro/.m2/repository/commons-fileupload/commons-fileupload/1.4/commons-fileupload-1.4.jar:/home/miro/.m2/repository/commons-io/commons-io/2.2/commons-io-2.2.jar:/home/miro/.m2/repository/org/springframework/cloud/spring-cloud-commons/3.1.3/spring-cloud-commons-3.1.3.jar:/home/miro/.m2/repository/org/springframework/security/spring-security-crypto/5.7.1/spring-security-crypto-5.7.1.jar:/home/miro/.m2/repository/io/github/openfeign/feign-core/11.8/feign-core-11.8.jar:/home/miro/.m2/repository/io/github/openfeign/feign-slf4j/11.8/feign-slf4j-11.8.jar:/home/miro/.m2/repository/org/springframework/boot/spring-boot-starter-actuator/2.7.0/spring-boot-starter-actuator-2.7.0.jar:/home/miro/.m2/repository/org/springframework/boot/spring-boot-actuator-autoconfigure/2.7.0/spring-boot-actuator-autoconfigure-2.7.0.jar:/home/miro/.m2/repository/org/springframework/boot/spring-boot-actuator/2.7.0/spring-boot-actuator-2.7.0.jar:/home/miro/.m2/repository/io/micrometer/micrometer-core/1.9.0/micrometer-core-1.9.0.jar:/home/miro/.m2/repository/org/hdrhistogram/HdrHistogram/2.1.12/HdrHistogram-2.1.12.jar:/home/miro/.m2/repository/org/latencyutils/LatencyUtils/2.0.3/LatencyUtils-2.0.3.jar:/home/miro/.m2/repository/io/micrometer/micrometer-registry-prometheus/1.9.0/micrometer-registry-prometheus-1.9.0.jar:/home/miro/.m2/repository/io/prometheus/simpleclient_common/0.15.0/simpleclient_common-0.15.0.jar:/home/miro/.m2/repository/io/prometheus/simpleclient/0.15.0/simpleclient-0.15.0.jar:/home/miro/.m2/repository/io/prometheus/simpleclient_tracer_otel/0.15.0/simpleclient_tracer_otel-0.15.0.jar:/home/miro/.m2/repository/io/prometheus/simpleclient_tracer_common/0.15.0/simpleclient_tracer_common-0.15.0.jar:/home/miro/.m2/repository/io/prometheus/simpleclient_tracer_otel_agent/0.15.0/simpleclient_tracer_otel_agent-0.15.0.jar:/home/miro/.m2/repository/org/immutables/value/2.8.8/value-2.8.8.jar:/home/miro/.m2/repository/org/immutables/serial/2.8.8/serial-2.8.8.jar:/home/miro/.m2/repository/com/fasterxml/jackson/core/jackson-databind/2.13.3/jackson-databind-2.13.3.jar:/home/miro/.m2/repository/com/fasterxml/jackson/core/jackson-annotations/2.13.3/jackson-annotations-2.13.3.jar:/home/miro/.m2/repository/com/fasterxml/jackson/core/jackson-core/2.13.3/jackson-core-2.13.3.jar:/home/miro/.m2/repository/com/fasterxml/jackson/datatype/jackson-datatype-jdk8/2.13.3/jackson-datatype-jdk8-2.13.3.jar:/home/miro/.m2/repository/com/fasterxml/jackson/datatype/jackson-datatype-guava/2.13.3/jackson-datatype-guava-2.13.3.jar:/home/miro/.m2/repository/com/google/guava/guava/21.0/guava-21.0.jar:/home/miro/.m2/repository/org/postgresql/postgresql/42.3.5/postgresql-42.3.5.jar:/home/miro/.m2/repository/org/checkerframework/checker-qual/3.5.0/checker-qual-3.5.0.jar:/home/miro/.m2/repository/org/springframework/boot/spring-boot-devtools/2.7.0/spring-boot-devtools-2.7.0.jar:/home/miro/.m2/repository/org/springframework/boot/spring-boot/2.7.0/spring-boot-2.7.0.jar:/home/miro/.m2/repository/org/springframework/boot/spring-boot-autoconfigure/2.7.0/spring-boot-autoconfigure-2.7.0.jar:/home/miro/.m2/repository/org/projectlombok/lombok/1.18.24/lombok-1.18.24.jar:/home/miro/.m2/repository/org/springframework/boot/spring-boot-starter-test/2.7.0/spring-boot-starter-test-2.7.0.jar:/home/miro/.m2/repository/org/springframework/boot/spring-boot-test/2.7.0/spring-boot-test-2.7.0.jar:/home/miro/.m2/repository/org/springframework/boot/spring-boot-test-autoconfigure/2.7.0/spring-boot-test-autoconfigure-2.7.0.jar:/home/miro/.m2/repository/com/jayway/jsonpath/json-path/2.7.0/json-path-2.7.0.jar:/home/miro/.m2/repository/net/minidev/json-smart/2.4.8/json-smart-2.4.8.jar:/home/miro/.m2/repository/net/minidev/accessors-smart/2.4.8/accessors-smart-2.4.8.jar:/home/miro/.m2/repository/org/ow2/asm/asm/9.1/asm-9.1.jar:/home/miro/.m2/repository/jakarta/xml/bind/jakarta.xml.bind-api/2.3.3/jakarta.xml.bind-api-2.3.3.jar:/home/miro/.m2/repository/jakarta/activation/jakarta.activation-api/1.2.2/jakarta.activation-api-1.2.2.jar:/home/miro/.m2/repository/org/assertj/assertj-core/3.22.0/assertj-core-3.22.0.jar:/home/miro/.m2/repository/org/hamcrest/hamcrest/2.2/hamcrest-2.2.jar:/home/miro/.m2/repository/org/junit/jupiter/junit-jupiter/5.8.2/junit-jupiter-5.8.2.jar:/home/miro/.m2/repository/org/junit/jupiter/junit-jupiter-params/5.8.2/junit-jupiter-params-5.8.2.jar:/home/miro/.m2/repository/org/junit/jupiter/junit-jupiter-engine/5.8.2/junit-jupiter-engine-5.8.2.jar:/home/miro/.m2/repository/org/junit/platform/junit-platform-engine/1.8.2/junit-platform-engine-1.8.2.jar:/home/miro/.m2/repository/org/mockito/mockito-core/4.5.1/mockito-core-4.5.1.jar:/home/miro/.m2/repository/net/bytebuddy/byte-buddy-agent/1.12.10/byte-buddy-agent-1.12.10.jar:/home/miro/.m2/repository/org/objenesis/objenesis/3.2/objenesis-3.2.jar:/home/miro/.m2/repository/org/mockito/mockito-junit-jupiter/4.5.1/mockito-junit-jupiter-4.5.1.jar:/home/miro/.m2/repository/org/skyscreamer/jsonassert/1.5.0/jsonassert-1.5.0.jar:/home/miro/.m2/repository/com/vaadin/external/google/android-json/0.0.20131108.vaadin1/android-json-0.0.20131108.vaadin1.jar:/home/miro/.m2/repository/org/springframework/spring-core/5.3.20/spring-core-5.3.20.jar:/home/miro/.m2/repository/org/springframework/spring-jcl/5.3.20/spring-jcl-5.3.20.jar:/home/miro/.m2/repository/org/springframework/spring-test/5.3.20/spring-test-5.3.20.jar:/home/miro/.m2/repository/org/xmlunit/xmlunit-core/2.9.0/xmlunit-core-2.9.0.jar:/home/miro/.m2/repository/org/testcontainers/junit-jupiter/1.15.3/junit-jupiter-1.15.3.jar:/home/miro/.m2/repository/org/testcontainers/testcontainers/1.15.3/testcontainers-1.15.3.jar:/home/miro/.m2/repository/junit/junit/4.13.2/junit-4.13.2.jar:/home/miro/.m2/repository/org/hamcrest/hamcrest-core/2.2/hamcrest-core-2.2.jar:/home/miro/.m2/repository/org/apache/commons/commons-compress/1.20/commons-compress-1.20.jar:/home/miro/.m2/repository/org/rnorth/duct-tape/duct-tape/1.0.8/duct-tape-1.0.8.jar:/home/miro/.m2/repository/org/rnorth/visible-assertions/visible-assertions/2.1.2/visible-assertions-2.1.2.jar:/home/miro/.m2/repository/net/java/dev/jna/jna/5.2.0/jna-5.2.0.jar:/home/miro/.m2/repository/com/github/docker-java/docker-java-api/3.2.8/docker-java-api-3.2.8.jar:/home/miro/.m2/repository/com/github/docker-java/docker-java-transport-zerodep/3.2.8/docker-java-transport-zerodep-3.2.8.jar:/home/miro/.m2/repository/com/github/docker-java/docker-java-transport/3.2.8/docker-java-transport-3.2.8.jar:/home/miro/.m2/repository/org/junit/jupiter/junit-jupiter-api/5.8.2/junit-jupiter-api-5.8.2.jar:/home/miro/.m2/repository/org/opentest4j/opentest4j/1.2.0/opentest4j-1.2.0.jar:/home/miro/.m2/repository/org/junit/platform/junit-platform-commons/1.8.2/junit-platform-commons-1.8.2.jar:/home/miro/.m2/repository/org/apiguardian/apiguardian-api/1.1.2/apiguardian-api-1.1.2.jar:/home/miro/.m2/repository/org/testcontainers/postgresql/1.15.3/postgresql-1.15.3.jar:/home/miro/.m2/repository/org/testcontainers/jdbc/1.15.3/jdbc-1.15.3.jar:/home/miro/.m2/repository/org/testcontainers/database-commons/1.15.3/database-commons-1.15.3.jar:"/>
    <property name="sun.cpu.endian" value="little"/>
    <property name="user.home" value="/home/miro"/>
    <property name="user.language" value="en"/>
    <property name="java.specification.vendor" value="Oracle Corporation"/>
    <property name="java.version.date" value="2022-07-19"/>
    <property name="java.home" value="/home/miro/.sdkman/candidates/java/18.0.2-open"/>
    <property name="file.separator" value="/"/>
    <property name="basedir" value="/home/miro/Private/fon/reactive-programming-in-java/plutus/plutus-wallet"/>
    <property name="java.vm.compressedOopsMode" value="32-bit"/>
    <property name="line.separator" value="&#10;"/>
    <property name="java.vm.specification.vendor" value="Oracle Corporation"/>
    <property name="java.specification.name" value="Java Platform API Specification"/>
    <property name="surefire.real.class.path" value="/home/miro/Private/fon/reactive-programming-in-java/plutus/plutus-wallet/target/surefire/surefirebooter3982539248536291946.jar"/>
    <property name="sun.management.compiler" value="HotSpot 64-Bit Tiered Compilers"/>
    <property name="java.runtime.version" value="18.0.2+9-61"/>
    <property name="user.name" value="miro"/>
    <property name="path.separator" value=":"/>
    <property name="os.version" value="5.4.0-124-generic"/>
    <property name="java.runtime.name" value="OpenJDK Runtime Environment"/>
    <property name="file.encoding" value="UTF-8"/>
    <property name="java.vm.name" value="OpenJDK 64-Bit Server VM"/>
    <property name="localRepository" value="/home/miro/.m2/repository"/>
    <property name="java.vendor.url.bug" value="https://bugreport.java.com/bugreport/"/>
    <property name="java.io.tmpdir" value="/tmp"/>
    <property name="java.version" value="18.0.2"/>
    <property name="user.dir" value="/home/miro/Private/fon/reactive-programming-in-java/plutus/plutus-wallet"/>
    <property name="os.arch" value="amd64"/>
    <property name="java.vm.specification.name" value="Java Virtual Machine Specification"/>
    <property name="native.encoding" value="UTF-8"/>
    <property name="java.library.path" value="/usr/java/packages/lib:/usr/lib64:/lib64:/lib:/usr/lib"/>
    <property name="java.vm.info" value="mixed mode, sharing"/>
    <property name="java.vendor" value="Oracle Corporation"/>
    <property name="java.vm.version" value="18.0.2+9-61"/>
    <property name="sun.io.unicode.encoding" value="UnicodeLittle"/>
    <property name="java.class.version" value="62.0"/>
  </properties>
  <testcase name="payOut" classname="rs.miromaric.plutus.wallet.controller.WalletControllerTest" time="0.299"/>
  <testcase name="updateWallet" classname="rs.miromaric.plutus.wallet.controller.WalletControllerTest" time="0.022"/>
  <testcase name="deleteWallet" classname="rs.miromaric.plutus.wallet.controller.WalletControllerTest" time="0.014"/>
  <testcase name="payIn" classname="rs.miromaric.plutus.wallet.controller.WalletControllerTest" time="0.027"/>
  <testcase name="getWallet" classname="rs.miromaric.plutus.wallet.controller.WalletControllerTest" time="0.011"/>
  <testcase name="saveWallet" classname="rs.miromaric.plutus.wallet.controller.WalletControllerTest" time="0.013"/>
</testsuite>